<?xml version="1.0" encoding="UTF-8"?>
<!-- Generated by org.testng.reporters.JUnitReportReporter -->
<testsuite hostname="DESKTOP-T0QQ9KJ" failures="0" tests="1" name="com.qa.TestLayer.TestGoogleSearchBar" time="124.958" errors="0" timestamp="2023-01-11T17:31:31 IST" skipped="0">
  <testcase classname="com.qa.TestLayer.TestGoogleSearchBar" name="verifyGoogleSearchBar" time="124.958"/>
  <system-out/>
</testsuite> <!-- com.qa.TestLayer.TestGoogleSearchBar -->
